<?xml version="1.0" encoding="UTF-8"?>
<!-- Generated by org.testng.reporters.JUnitXMLReporter -->
<testsuite ignored="0" hostname="MOHANK-WIN10" failures="0" tests="10" name="PetTest" time="42.893" errors="0" timestamp="2024-04-29T23:22:29 IST">
  <testcase classname="api.test.UserTests" name="testPostUser" time="4.876"/>
  <testcase classname="api.test.UserTests" name="testGetUserByName" time="4.116"/>
  <testcase classname="api.test.UserTests" name="testUpdateUserByName" time="7.876"/>
  <testcase classname="api.test.UserTests" name="testDeleteUserByName" time="3.991"/>
  <testcase classname="api.test.DDTests" name="testPostUser" time="3.391"/>
  <testcase classname="api.test.DDTests" name="testPostUser" time="3.181"/>
  <testcase classname="api.test.DDTests" name="testPostUser" time="5.926"/>
  <testcase classname="api.test.DDTests" name="testDeleteUserByName" time="1.818"/>
  <testcase classname="api.test.DDTests" name="testDeleteUserByName" time="3.315"/>
  <testcase classname="api.test.DDTests" name="testDeleteUserByName" time="3.14"/>
</testsuite> <!-- PetTest -->
