<?xml version="1.0" encoding="UTF-8"?>
<testng-results ignored="0" total="10" passed="10" failed="0" skipped="0">
  <reporter-output>
  </reporter-output>
  <suite started-at="2024-04-29T23:21:46 IST" name="Suite" finished-at="2024-04-29T23:22:29 IST" duration-ms="42893">
    <groups>
    </groups>
    <test started-at="2024-04-29T23:21:46 IST" name="PetTest" finished-at="2024-04-29T23:22:29 IST" duration-ms="42893">
      <class name="api.test.UserTests">
        <test-method is-config="true" signature="setupData()[pri:0, instance:api.test.UserTests@2df3b89c]" started-at="2024-04-29T23:21:46 IST" name="setupData" finished-at="2024-04-29T23:21:46 IST" duration-ms="203" status="PASS">
          <reporter-output>
          </reporter-output>
        </test-method> <!-- setupData -->
        <test-method signature="testPostUser()[pri:1, instance:api.test.UserTests@2df3b89c]" started-at="2024-04-29T23:21:46 IST" name="testPostUser" finished-at="2024-04-29T23:21:51 IST" duration-ms="4876" status="PASS">
          <reporter-output>
          </reporter-output>
        </test-method> <!-- testPostUser -->
        <test-method signature="testGetUserByName()[pri:2, instance:api.test.UserTests@2df3b89c]" started-at="2024-04-29T23:21:51 IST" name="testGetUserByName" finished-at="2024-04-29T23:21:55 IST" duration-ms="4116" status="PASS">
          <reporter-output>
          </reporter-output>
        </test-method> <!-- testGetUserByName -->
        <test-method signature="testUpdateUserByName()[pri:3, instance:api.test.UserTests@2df3b89c]" started-at="2024-04-29T23:21:55 IST" name="testUpdateUserByName" finished-at="2024-04-29T23:22:03 IST" duration-ms="7876" status="PASS">
          <reporter-output>
          </reporter-output>
        </test-method> <!-- testUpdateUserByName -->
        <test-method signature="testDeleteUserByName()[pri:4, instance:api.test.UserTests@2df3b89c]" started-at="2024-04-29T23:22:03 IST" name="testDeleteUserByName" finished-at="2024-04-29T23:22:07 IST" duration-ms="3991" status="PASS">
          <reporter-output>
          </reporter-output>
        </test-method> <!-- testDeleteUserByName -->
      </class> <!-- api.test.UserTests -->
      <class name="api.test.DDTests">
        <test-method signature="testPostUser(java.lang.String,java.lang.String,java.lang.String,java.lang.String,java.lang.String,java.lang.String,java.lang.String)[pri:1, instance:api.test.DDTests@6200f9cb]" started-at="2024-04-29T23:22:08 IST" name="testPostUser" data-provider="Data" finished-at="2024-04-29T23:22:11 IST" duration-ms="3391" status="PASS">
          <params>
            <param index="0">
              <value>
                <![CDATA[1234]]>
              </value>
            </param>
            <param index="1">
              <value>
                <![CDATA[t1]]>
              </value>
            </param>
            <param index="2">
              <value>
                <![CDATA[abc]]>
              </value>
            </param>
            <param index="3">
              <value>
                <![CDATA[abc1]]>
              </value>
            </param>
            <param index="4">
              <value>
                <![CDATA[a@gmail.com]]>
              </value>
            </param>
            <param index="5">
              <value>
                <![CDATA[123]]>
              </value>
            </param>
            <param index="6">
              <value>
                <![CDATA[1234567890]]>
              </value>
            </param>
          </params>
          <reporter-output>
          </reporter-output>
        </test-method> <!-- testPostUser -->
        <test-method signature="testPostUser(java.lang.String,java.lang.String,java.lang.String,java.lang.String,java.lang.String,java.lang.String,java.lang.String)[pri:1, instance:api.test.DDTests@6200f9cb]" started-at="2024-04-29T23:22:11 IST" name="testPostUser" data-provider="Data" finished-at="2024-04-29T23:22:14 IST" duration-ms="3181" status="PASS">
          <params>
            <param index="0">
              <value>
                <![CDATA[1235]]>
              </value>
            </param>
            <param index="1">
              <value>
                <![CDATA[t2]]>
              </value>
            </param>
            <param index="2">
              <value>
                <![CDATA[pqr]]>
              </value>
            </param>
            <param index="3">
              <value>
                <![CDATA[pqr1]]>
              </value>
            </param>
            <param index="4">
              <value>
                <![CDATA[a@gmail.com]]>
              </value>
            </param>
            <param index="5">
              <value>
                <![CDATA[124]]>
              </value>
            </param>
            <param index="6">
              <value>
                <![CDATA[1234567891]]>
              </value>
            </param>
          </params>
          <reporter-output>
          </reporter-output>
        </test-method> <!-- testPostUser -->
        <test-method signature="testPostUser(java.lang.String,java.lang.String,java.lang.String,java.lang.String,java.lang.String,java.lang.String,java.lang.String)[pri:1, instance:api.test.DDTests@6200f9cb]" started-at="2024-04-29T23:22:14 IST" name="testPostUser" data-provider="Data" finished-at="2024-04-29T23:22:20 IST" duration-ms="5926" status="PASS">
          <params>
            <param index="0">
              <value>
                <![CDATA[1236]]>
              </value>
            </param>
            <param index="1">
              <value>
                <![CDATA[t3]]>
              </value>
            </param>
            <param index="2">
              <value>
                <![CDATA[xyz]]>
              </value>
            </param>
            <param index="3">
              <value>
                <![CDATA[xyz1]]>
              </value>
            </param>
            <param index="4">
              <value>
                <![CDATA[a@gmail.com]]>
              </value>
            </param>
            <param index="5">
              <value>
                <![CDATA[125]]>
              </value>
            </param>
            <param index="6">
              <value>
                <![CDATA[1234567892]]>
              </value>
            </param>
          </params>
          <reporter-output>
          </reporter-output>
        </test-method> <!-- testPostUser -->
        <test-method signature="testDeleteUserByName(java.lang.String)[pri:2, instance:api.test.DDTests@6200f9cb]" started-at="2024-04-29T23:22:20 IST" name="testDeleteUserByName" data-provider="UserNames" finished-at="2024-04-29T23:22:22 IST" duration-ms="1818" status="PASS">
          <params>
            <param index="0">
              <value>
                <![CDATA[t1]]>
              </value>
            </param>
          </params>
          <reporter-output>
          </reporter-output>
        </test-method> <!-- testDeleteUserByName -->
        <test-method signature="testDeleteUserByName(java.lang.String)[pri:2, instance:api.test.DDTests@6200f9cb]" started-at="2024-04-29T23:22:22 IST" name="testDeleteUserByName" data-provider="UserNames" finished-at="2024-04-29T23:22:26 IST" duration-ms="3315" status="PASS">
          <params>
            <param index="0">
              <value>
                <![CDATA[t2]]>
              </value>
            </param>
          </params>
          <reporter-output>
          </reporter-output>
        </test-method> <!-- testDeleteUserByName -->
        <test-method signature="testDeleteUserByName(java.lang.String)[pri:2, instance:api.test.DDTests@6200f9cb]" started-at="2024-04-29T23:22:26 IST" name="testDeleteUserByName" data-provider="UserNames" finished-at="2024-04-29T23:22:29 IST" duration-ms="3140" status="PASS">
          <params>
            <param index="0">
              <value>
                <![CDATA[t3]]>
              </value>
            </param>
          </params>
          <reporter-output>
          </reporter-output>
        </test-method> <!-- testDeleteUserByName -->
      </class> <!-- api.test.DDTests -->
    </test> <!-- PetTest -->
  </suite> <!-- Suite -->
</testng-results>
