<?xml version="1.0" encoding="UTF-8"?>
<!-- Generated by org.testng.reporters.JUnitXMLReporter -->
<testsuite ignored="0" hostname="MOHANK-WIN10" failures="0" tests="6" name="Default test" time="25.728" errors="0" timestamp="2024-04-29T23:13:38 IST">
  <testcase classname="api.test.DDTests" name="testPostUser" time="5.972"/>
  <testcase classname="api.test.DDTests" name="testPostUser" time="3.06"/>
  <testcase classname="api.test.DDTests" name="testPostUser" time="3.71"/>
  <testcase classname="api.test.DDTests" name="testDeleteUserByName" time="4.731"/>
  <testcase classname="api.test.DDTests" name="testDeleteUserByName" time="3.074"/>
  <testcase classname="api.test.DDTests" name="testDeleteUserByName" time="4.025"/>
</testsuite> <!-- Default test -->
